  Administrator.cpp
  Console.cpp
C:\Users\Kaloyan\source\repos\QuizMaster\QuizMaster\System.h(29,2): error C2535: 'System::System(const System &)': member function already defined or declared
C:\Users\Kaloyan\source\repos\QuizMaster\QuizMaster\System.h(20,2): message : see declaration of 'System::System'
C:\Users\Kaloyan\source\repos\QuizMaster\QuizMaster\Console.cpp(288,60): warning C4267: 'initializing': conversion from 'size_t' to 'char', possible loss of data
C:\Users\Kaloyan\source\repos\QuizMaster\QuizMaster\Console.cpp(329,63): warning C4267: 'initializing': conversion from 'size_t' to 'char', possible loss of data
C:\Users\Kaloyan\source\repos\QuizMaster\QuizMaster\Console.cpp(374,26): warning C4267: 'initializing': conversion from 'size_t' to 'char', possible loss of data
  Player.cpp
C:\Users\Kaloyan\source\repos\QuizMaster\QuizMaster\Player.cpp(70,29): warning C4312: 'type cast': conversion from 'const unsigned int' to 'const char *' of greater size
C:\Users\Kaloyan\source\repos\QuizMaster\QuizMaster\Player.cpp(71,30): warning C4312: 'type cast': conversion from 'const unsigned int' to 'const char *' of greater size
C:\Users\Kaloyan\source\repos\QuizMaster\QuizMaster\Player.cpp(78,22): warning C4312: 'type cast': conversion from 'unsigned int' to 'char *' of greater size
C:\Users\Kaloyan\source\repos\QuizMaster\QuizMaster\Player.cpp(81,23): warning C4312: 'type cast': conversion from 'unsigned int' to 'char *' of greater size
  Quiz.cpp
  QuizMaster.cpp
C:\Users\Kaloyan\source\repos\QuizMaster\QuizMaster\QuizMaster.cpp(8,10): warning C4067: unexpected tokens following preprocessor directive - expected a newline
C:\Users\Kaloyan\source\repos\QuizMaster\QuizMaster\QuizMaster.cpp(51,22): warning C4244: '+=': conversion from 'double' to 'unsigned int', possible loss of data
C:\Users\Kaloyan\source\repos\QuizMaster\QuizMaster\QuizMaster.cpp(53,22): warning C4244: '+=': conversion from 'double' to 'unsigned int', possible loss of data
C:\Users\Kaloyan\source\repos\QuizMaster\QuizMaster\QuizMaster.cpp(55,22): warning C4244: '+=': conversion from 'double' to 'unsigned int', possible loss of data
C:\Users\Kaloyan\source\repos\QuizMaster\QuizMaster\QuizMaster.cpp(57,22): warning C4244: '+=': conversion from 'double' to 'unsigned int', possible loss of data
C:\Users\Kaloyan\source\repos\QuizMaster\QuizMaster\QuizMaster.cpp(59,22): warning C4244: '+=': conversion from 'double' to 'unsigned int', possible loss of data
  System.cpp
C:\Users\Kaloyan\source\repos\QuizMaster\QuizMaster\System.h(29,2): error C2535: 'System::System(const System &)': member function already defined or declared
C:\Users\Kaloyan\source\repos\QuizMaster\QuizMaster\System.h(20,2): message : see declaration of 'System::System'
  TrueOrFalseQuestion.cpp
C:\Users\Kaloyan\source\repos\QuizMaster\QuizMaster\TrueOrFalseQuestion.cpp(2,10): warning C4067: unexpected tokens following preprocessor directive - expected a newline
  User.cpp
  Generating Code...
C:\Users\Kaloyan\source\repos\QuizMaster\QuizMaster\Quiz.cpp(87): warning C4717: 'Quiz::getLikes': recursive on all control paths, function will cause runtime stack overflow
C:\Users\Kaloyan\source\repos\QuizMaster\QuizMaster\Quiz.cpp(76): warning C4172: returning address of local variable or temporary: constQuestions
